2026-03-28 18:56:53,520 WARNING gps.mqtt_service: Service MQTT GPS demarre depuis gps.apps.
2026-03-28 18:56:53,583 WARNING gps.mqtt_service: MQTT connexion en cours... broker=de7ccf69e70f4ffea025b868e4f08223.s1.eu.hivemq.cloud:8883 client_id=comm-app-gps-backend tls=True
2026-03-28 18:56:56,482 INFO gps.mqtt_service: MQTT connecte. Abonnement a gps/devices/+/location
2026-03-28 18:56:56,848 INFO gps.mqtt_service: [recu] gps/devices/ESP32_SIM_001/location {"device_id": "ESP32_SIM_001", "lat": -3.382818, "lng": 29.363369, "alt": 786.7, "speed": 41.3, "satellites": 10, "battery": 80.6, "timestamp": 1774717016566, "gps_fix": true, "api_key": "my_secret_gps_api_key"}
2026-03-28 18:56:56,869 INFO gps.mqtt_service: [enregistre] gps/devices/ESP32_SIM_001/location device=ESP32_SIM_001 status=201
2026-03-28 18:56:58,818 INFO gps.mqtt_service: [recu] gps/devices/ESP32_SIM_001/location {"device_id": "ESP32_SIM_001", "lat": -3.382961, "lng": 29.363487, "alt": 782.7, "speed": 35.5, "satellites": 10, "battery": 80.5, "timestamp": 1774717018568, "gps_fix": true, "api_key": "my_secret_gps_api_key"}
2026-03-28 18:56:58,832 INFO gps.mqtt_service: [enregistre] gps/devices/ESP32_SIM_001/location device=ESP32_SIM_001 status=201
2026-03-28 18:57:00,830 INFO gps.mqtt_service: [recu] gps/devices/ESP32_SIM_001/location {"device_id": "ESP32_SIM_001", "lat": -3.383125, "lng": 29.363585, "alt": 786.3, "speed": 39.7, "satellites": 12, "battery": 80.4, "timestamp": 1774717020569, "gps_fix": true, "api_key": "my_secret_gps_api_key"}
2026-03-28 18:57:00,850 INFO gps.mqtt_service: [enregistre] gps/devices/ESP32_SIM_001/location device=ESP32_SIM_001 status=201
2026-03-28 18:57:03,621 INFO gps.mqtt_service: [recu] gps/devices/ESP32_SIM_001/location {"device_id": "ESP32_SIM_001", "lat": -3.383132, "lng": 29.363702, "alt": 777.5, "speed": 32.8, "satellites": 11, "battery": 80.4, "timestamp": 1774717022571, "gps_fix": true, "api_key": "my_secret_gps_api_key"}
2026-03-28 18:57:03,635 INFO gps.mqtt_service: [enregistre] gps/devices/ESP32_SIM_001/location device=ESP32_SIM_001 status=201
2026-03-28 18:57:04,827 INFO gps.mqtt_service: [recu] gps/devices/ESP32_SIM_001/location {"device_id": "ESP32_SIM_001", "lat": -3.383265, "lng": 29.363866, "alt": 786.5, "speed": 42.0, "satellites": 11, "battery": 80.3, "timestamp": 1774717024572, "gps_fix": true, "api_key": "my_secret_gps_api_key"}
2026-03-28 18:57:04,840 INFO gps.mqtt_service: [enregistre] gps/devices/ESP32_SIM_001/location device=ESP32_SIM_001 status=201
2026-03-28 18:57:06,844 INFO gps.mqtt_service: [recu] gps/devices/ESP32_SIM_001/location {"device_id": "ESP32_SIM_001", "lat": -3.38331, "lng": 29.363983, "alt": 781.9, "speed": 37.3, "satellites": 11, "battery": 80.2, "timestamp": 1774717026573, "gps_fix": true, "api_key": "my_secret_gps_api_key"}
2026-03-28 18:57:06,861 INFO gps.mqtt_service: [enregistre] gps/devices/ESP32_SIM_001/location device=ESP32_SIM_001 status=201
2026-03-28 18:57:08,858 INFO gps.mqtt_service: [recu] gps/devices/ESP32_SIM_001/location {"device_id": "ESP32_SIM_001", "lat": -3.383367, "lng": 29.36404, "alt": 775.0, "speed": 36.8, "satellites": 11, "battery": 80.1, "timestamp": 1774717028585, "gps_fix": true, "api_key": "my_secret_gps_api_key"}
2026-03-28 18:57:08,875 INFO gps.mqtt_service: [enregistre] gps/devices/ESP32_SIM_001/location device=ESP32_SIM_001 status=201
2026-03-28 18:57:10,899 INFO gps.mqtt_service: [recu] gps/devices/ESP32_SIM_001/location {"device_id": "ESP32_SIM_001", "lat": -3.383332, "lng": 29.364184, "alt": 780.3, "speed": 33.1, "satellites": 9, "battery": 80.0, "timestamp": 1774717030587, "gps_fix": true, "api_key": "my_secret_gps_api_key"}
2026-03-28 18:57:10,910 INFO gps.mqtt_service: [enregistre] gps/devices/ESP32_SIM_001/location device=ESP32_SIM_001 status=201
2026-03-28 18:57:13,194 INFO gps.mqtt_service: [recu] gps/devices/ESP32_SIM_001/location {"device_id": "ESP32_SIM_001", "lat": -3.383366, "lng": 29.364344, "alt": 775.5, "speed": 45.7, "satellites": 10, "battery": 80.0, "timestamp": 1774717032589, "gps_fix": true, "api_key": "my_secret_gps_api_key"}
2026-03-28 18:57:13,217 INFO gps.mqtt_service: [enregistre] gps/devices/ESP32_SIM_001/location device=ESP32_SIM_001 status=201
2026-03-28 18:57:14,848 INFO gps.mqtt_service: [recu] gps/devices/ESP32_SIM_001/location {"device_id": "ESP32_SIM_001", "lat": -3.38347, "lng": 29.364584, "alt": 783.1, "speed": 37.2, "satellites": 12, "battery": 79.9, "timestamp": 1774717034590, "gps_fix": true, "api_key": "my_secret_gps_api_key"}
2026-03-28 18:57:14,864 INFO gps.mqtt_service: [enregistre] gps/devices/ESP32_SIM_001/location device=ESP32_SIM_001 status=201
2026-03-28 18:57:16,855 INFO gps.mqtt_service: [recu] gps/devices/ESP32_SIM_001/location {"device_id": "ESP32_SIM_001", "lat": -3.38339, "lng": 29.364713, "alt": 772.7, "speed": 36.6, "satellites": 12, "battery": 79.8, "timestamp": 1774717036592, "gps_fix": true, "api_key": "my_secret_gps_api_key"}
2026-03-28 18:57:16,868 INFO gps.mqtt_service: [enregistre] gps/devices/ESP32_SIM_001/location device=ESP32_SIM_001 status=201
2026-03-28 18:57:20,488 INFO gps.mqtt_service: [recu] gps/devices/ESP32_SIM_001/location {"device_id": "ESP32_SIM_001", "lat": -3.383317, "lng": 29.36487, "alt": 779.3, "speed": 39.3, "satellites": 12, "battery": 79.7, "timestamp": 1774717038593, "gps_fix": true, "api_key": "my_secret_gps_api_key"}
2026-03-28 18:57:20,511 INFO gps.mqtt_service: [enregistre] gps/devices/ESP32_SIM_001/location device=ESP32_SIM_001 status=201
2026-03-28 18:57:21,875 INFO gps.mqtt_service: [recu] gps/devices/ESP32_SIM_001/location {"device_id": "ESP32_SIM_001", "lat": -3.383311, "lng": 29.365045, "alt": 779.3, "speed": 42.8, "satellites": 12, "battery": 79.6, "timestamp": 1774717040594, "gps_fix": true, "api_key": "my_secret_gps_api_key"}
2026-03-28 18:57:21,892 INFO gps.mqtt_service: [enregistre] gps/devices/ESP32_SIM_001/location device=ESP32_SIM_001 status=201
2026-03-28 18:57:22,862 INFO gps.mqtt_service: [recu] gps/devices/ESP32_SIM_001/location {"device_id": "ESP32_SIM_001", "lat": -3.383106, "lng": 29.365165, "alt": 773.7, "speed": 35.2, "satellites": 12, "battery": 79.6, "timestamp": 1774717042596, "gps_fix": true, "api_key": "my_secret_gps_api_key"}
2026-03-28 18:57:22,879 INFO gps.mqtt_service: [enregistre] gps/devices/ESP32_SIM_001/location device=ESP32_SIM_001 status=201
2026-03-28 18:57:27,399 INFO gps.mqtt_service: [recu] gps/devices/ESP32_SIM_001/location {"device_id": "ESP32_SIM_001", "lat": -3.383134, "lng": 29.365193, "alt": 783.6, "speed": 36.3, "satellites": 13, "battery": 79.5, "timestamp": 1774717044597, "gps_fix": true, "api_key": "my_secret_gps_api_key"}
2026-03-28 18:57:27,419 INFO gps.mqtt_service: [enregistre] gps/devices/ESP32_SIM_001/location device=ESP32_SIM_001 status=201
2026-03-28 18:57:30,301 INFO gps.mqtt_service: [recu] gps/devices/ESP32_SIM_001/location {"device_id": "ESP32_SIM_001", "lat": -3.382987, "lng": 29.365301, "alt": 774.3, "speed": 40.5, "satellites": 11, "battery": 79.4, "timestamp": 1774717046598, "gps_fix": true, "api_key": "my_secret_gps_api_key"}
2026-03-28 18:57:30,327 INFO gps.mqtt_service: [enregistre] gps/devices/ESP32_SIM_001/location device=ESP32_SIM_001 status=201
2026-03-28 18:57:30,737 INFO gps.mqtt_service: [recu] gps/devices/ESP32_SIM_001/location {"device_id": "ESP32_SIM_001", "lat": -3.382833, "lng": 29.365429, "alt": 787.8, "speed": 37.6, "satellites": 11, "battery": 79.3, "timestamp": 1774717048600, "gps_fix": true, "api_key": "my_secret_gps_api_key"}
2026-03-28 18:57:30,761 INFO gps.mqtt_service: [enregistre] gps/devices/ESP32_SIM_001/location device=ESP32_SIM_001 status=201
2026-03-28 18:57:30,981 INFO gps.mqtt_service: [recu] gps/devices/ESP32_SIM_001/location {"device_id": "ESP32_SIM_001", "lat": -3.382698, "lng": 29.365502, "alt": 785.5, "speed": 37.7, "satellites": 10, "battery": 79.2, "timestamp": 1774717050602, "gps_fix": true, "api_key": "my_secret_gps_api_key"}
2026-03-28 18:57:30,997 INFO gps.mqtt_service: [enregistre] gps/devices/ESP32_SIM_001/location device=ESP32_SIM_001 status=201
2026-03-28 18:57:32,856 INFO gps.mqtt_service: [recu] gps/devices/ESP32_SIM_001/location {"device_id": "ESP32_SIM_001", "lat": -3.382526, "lng": 29.36556, "alt": 785.1, "speed": 39.4, "satellites": 11, "battery": 79.2, "timestamp": 1774717052613, "gps_fix": true, "api_key": "my_secret_gps_api_key"}
2026-03-28 18:57:32,869 INFO gps.mqtt_service: [enregistre] gps/devices/ESP32_SIM_001/location device=ESP32_SIM_001 status=201
2026-03-28 18:57:34,871 INFO gps.mqtt_service: [recu] gps/devices/ESP32_SIM_001/location {"device_id": "ESP32_SIM_001", "lat": -3.382488, "lng": 29.365498, "alt": 777.1, "speed": 31.7, "satellites": 11, "battery": 79.1, "timestamp": 1774717054617, "gps_fix": true, "api_key": "my_secret_gps_api_key"}
2026-03-28 18:57:34,885 INFO gps.mqtt_service: [enregistre] gps/devices/ESP32_SIM_001/location device=ESP32_SIM_001 status=201
2026-03-28 18:57:36,857 INFO gps.mqtt_service: [recu] gps/devices/ESP32_SIM_001/location {"device_id": "ESP32_SIM_001", "lat": -3.382331, "lng": 29.365626, "alt": 781.4, "speed": 41.3, "satellites": 10, "battery": 79.0, "timestamp": 1774717056619, "gps_fix": true, "api_key": "my_secret_gps_api_key"}
2026-03-28 18:57:36,878 INFO gps.mqtt_service: [enregistre] gps/devices/ESP32_SIM_001/location device=ESP32_SIM_001 status=201
2026-03-28 18:57:38,891 INFO gps.mqtt_service: [recu] gps/devices/ESP32_SIM_001/location {"device_id": "ESP32_SIM_001", "lat": -3.382108, "lng": 29.365631, "alt": 778.1, "speed": 45.6, "satellites": 10, "battery": 78.9, "timestamp": 1774717058621, "gps_fix": true, "api_key": "my_secret_gps_api_key"}
2026-03-28 18:57:38,901 INFO gps.mqtt_service: [enregistre] gps/devices/ESP32_SIM_001/location device=ESP32_SIM_001 status=201
2026-03-28 18:57:40,875 INFO gps.mqtt_service: [recu] gps/devices/ESP32_SIM_001/location {"device_id": "ESP32_SIM_001", "lat": -3.381943, "lng": 29.365615, "alt": 785.6, "speed": 46.6, "satellites": 10, "battery": 78.8, "timestamp": 1774717060623, "gps_fix": true, "api_key": "my_secret_gps_api_key"}
2026-03-28 18:57:40,889 INFO gps.mqtt_service: [enregistre] gps/devices/ESP32_SIM_001/location device=ESP32_SIM_001 status=201
2026-03-28 18:57:42,882 INFO gps.mqtt_service: [recu] gps/devices/ESP32_SIM_001/location {"device_id": "ESP32_SIM_001", "lat": -3.381783, "lng": 29.365494, "alt": 785.4, "speed": 41.6, "satellites": 12, "battery": 78.8, "timestamp": 1774717062625, "gps_fix": true, "api_key": "my_secret_gps_api_key"}
2026-03-28 18:57:42,898 INFO gps.mqtt_service: [enregistre] gps/devices/ESP32_SIM_001/location device=ESP32_SIM_001 status=201
2026-03-28 18:57:44,891 INFO gps.mqtt_service: [recu] gps/devices/ESP32_SIM_001/location {"device_id": "ESP32_SIM_001", "lat": -3.381659, "lng": 29.365527, "alt": 782.8, "speed": 38.3, "satellites": 11, "battery": 78.7, "timestamp": 1774717064626, "gps_fix": true, "api_key": "my_secret_gps_api_key"}
2026-03-28 18:57:44,903 INFO gps.mqtt_service: [enregistre] gps/devices/ESP32_SIM_001/location device=ESP32_SIM_001 status=201
2026-03-28 18:57:46,923 INFO gps.mqtt_service: [recu] gps/devices/ESP32_SIM_001/location {"device_id": "ESP32_SIM_001", "lat": -3.381533, "lng": 29.365363, "alt": 787.1, "speed": 33.8, "satellites": 13, "battery": 78.6, "timestamp": 1774717066661, "gps_fix": true, "api_key": "my_secret_gps_api_key"}
2026-03-28 18:57:46,935 INFO gps.mqtt_service: [enregistre] gps/devices/ESP32_SIM_001/location device=ESP32_SIM_001 status=201
2026-03-28 18:57:48,956 INFO gps.mqtt_service: [recu] gps/devices/ESP32_SIM_001/location {"device_id": "ESP32_SIM_001", "lat": -3.381493, "lng": 29.365322, "alt": 780.1, "speed": 44.7, "satellites": 9, "battery": 78.5, "timestamp": 1774717068686, "gps_fix": true, "api_key": "my_secret_gps_api_key"}
2026-03-28 18:57:48,974 INFO gps.mqtt_service: [enregistre] gps/devices/ESP32_SIM_001/location device=ESP32_SIM_001 status=201
2026-03-28 18:57:50,957 INFO gps.mqtt_service: [recu] gps/devices/ESP32_SIM_001/location {"device_id": "ESP32_SIM_001", "lat": -3.381275, "lng": 29.365246, "alt": 780.2, "speed": 42.9, "satellites": 10, "battery": 78.4, "timestamp": 1774717070687, "gps_fix": true, "api_key": "my_secret_gps_api_key"}
2026-03-28 18:57:50,969 INFO gps.mqtt_service: [enregistre] gps/devices/ESP32_SIM_001/location device=ESP32_SIM_001 status=201
2026-03-28 18:57:52,938 INFO gps.mqtt_service: [recu] gps/devices/ESP32_SIM_001/location {"device_id": "ESP32_SIM_001", "lat": -3.381249, "lng": 29.365144, "alt": 785.7, "speed": 41.1, "satellites": 11, "battery": 78.4, "timestamp": 1774717072693, "gps_fix": true, "api_key": "my_secret_gps_api_key"}
2026-03-28 18:57:52,950 INFO gps.mqtt_service: [enregistre] gps/devices/ESP32_SIM_001/location device=ESP32_SIM_001 status=201
2026-03-28 18:57:54,975 INFO gps.mqtt_service: [recu] gps/devices/ESP32_SIM_001/location {"device_id": "ESP32_SIM_001", "lat": -3.381091, "lng": 29.364977, "alt": 782.1, "speed": 40.1, "satellites": 12, "battery": 78.3, "timestamp": 1774717074700, "gps_fix": true, "api_key": "my_secret_gps_api_key"}
2026-03-28 18:57:54,990 INFO gps.mqtt_service: [enregistre] gps/devices/ESP32_SIM_001/location device=ESP32_SIM_001 status=201
2026-03-28 18:57:56,943 INFO gps.mqtt_service: [recu] gps/devices/ESP32_SIM_001/location {"device_id": "ESP32_SIM_001", "lat": -3.381046, "lng": 29.36493, "alt": 787.7, "speed": 32.5, "satellites": 12, "battery": 78.2, "timestamp": 1774717076701, "gps_fix": true, "api_key": "my_secret_gps_api_key"}
2026-03-28 18:57:56,966 INFO gps.mqtt_service: [enregistre] gps/devices/ESP32_SIM_001/location device=ESP32_SIM_001 status=201
2026-03-28 18:57:58,972 INFO gps.mqtt_service: [recu] gps/devices/ESP32_SIM_001/location {"device_id": "ESP32_SIM_001", "lat": -3.380972, "lng": 29.364688, "alt": 775.3, "speed": 32.8, "satellites": 12, "battery": 78.1, "timestamp": 1774717078703, "gps_fix": true, "api_key": "my_secret_gps_api_key"}
2026-03-28 18:57:58,991 INFO gps.mqtt_service: [enregistre] gps/devices/ESP32_SIM_001/location device=ESP32_SIM_001 status=201
2026-03-28 18:58:00,969 INFO gps.mqtt_service: [recu] gps/devices/ESP32_SIM_001/location {"device_id": "ESP32_SIM_001", "lat": -3.381066, "lng": 29.364601, "alt": 783.2, "speed": 35.1, "satellites": 10, "battery": 78.0, "timestamp": 1774717080704, "gps_fix": true, "api_key": "my_secret_gps_api_key"}
2026-03-28 18:58:00,996 INFO gps.mqtt_service: [enregistre] gps/devices/ESP32_SIM_001/location device=ESP32_SIM_001 status=201
2026-03-28 18:58:02,951 INFO gps.mqtt_service: [recu] gps/devices/ESP32_SIM_001/location {"device_id": "ESP32_SIM_001", "lat": -3.380982, "lng": 29.364356, "alt": 783.0, "speed": 39.8, "satellites": 11, "battery": 78.0, "timestamp": 1774717082706, "gps_fix": true, "api_key": "my_secret_gps_api_key"}
2026-03-28 18:58:02,966 INFO gps.mqtt_service: [enregistre] gps/devices/ESP32_SIM_001/location device=ESP32_SIM_001 status=201
2026-03-28 18:58:04,989 INFO gps.mqtt_service: [recu] gps/devices/ESP32_SIM_001/location {"device_id": "ESP32_SIM_001", "lat": -3.380943, "lng": 29.364319, "alt": 776.2, "speed": 43.1, "satellites": 12, "battery": 77.9, "timestamp": 1774717084707, "gps_fix": true, "api_key": "my_secret_gps_api_key"}
2026-03-28 18:58:04,998 INFO gps.mqtt_service: [enregistre] gps/devices/ESP32_SIM_001/location device=ESP32_SIM_001 status=201
2026-03-28 18:58:06,980 INFO gps.mqtt_service: [recu] gps/devices/ESP32_SIM_001/location {"device_id": "ESP32_SIM_001", "lat": -3.38104, "lng": 29.364116, "alt": 779.1, "speed": 37.5, "satellites": 11, "battery": 77.8, "timestamp": 1774717086708, "gps_fix": true, "api_key": "my_secret_gps_api_key"}
2026-03-28 18:58:06,999 INFO gps.mqtt_service: [enregistre] gps/devices/ESP32_SIM_001/location device=ESP32_SIM_001 status=201
2026-03-28 18:58:08,962 INFO gps.mqtt_service: [recu] gps/devices/ESP32_SIM_001/location {"device_id": "ESP32_SIM_001", "lat": -3.381138, "lng": 29.364029, "alt": 786.2, "speed": 32.6, "satellites": 11, "battery": 77.7, "timestamp": 1774717088709, "gps_fix": true, "api_key": "my_secret_gps_api_key"}
2026-03-28 18:58:08,977 INFO gps.mqtt_service: [enregistre] gps/devices/ESP32_SIM_001/location device=ESP32_SIM_001 status=201
2026-03-28 18:58:10,966 INFO gps.mqtt_service: [recu] gps/devices/ESP32_SIM_001/location {"device_id": "ESP32_SIM_001", "lat": -3.381084, "lng": 29.363783, "alt": 781.5, "speed": 35.8, "satellites": 12, "battery": 77.6, "timestamp": 1774717090712, "gps_fix": true, "api_key": "my_secret_gps_api_key"}
2026-03-28 18:58:10,980 INFO gps.mqtt_service: [enregistre] gps/devices/ESP32_SIM_001/location device=ESP32_SIM_001 status=201
2026-03-28 18:58:13,351 INFO gps.mqtt_service: [recu] gps/devices/ESP32_SIM_001/location {"device_id": "ESP32_SIM_001", "lat": -3.381264, "lng": 29.363739, "alt": 775.7, "speed": 35.1, "satellites": 9, "battery": 77.6, "timestamp": 1774717092714, "gps_fix": true, "api_key": "my_secret_gps_api_key"}
2026-03-28 18:58:13,378 INFO gps.mqtt_service: [enregistre] gps/devices/ESP32_SIM_001/location device=ESP32_SIM_001 status=201
2026-03-28 18:58:14,969 INFO gps.mqtt_service: [recu] gps/devices/ESP32_SIM_001/location {"device_id": "ESP32_SIM_001", "lat": -3.381376, "lng": 29.363653, "alt": 780.6, "speed": 41.8, "satellites": 13, "battery": 77.5, "timestamp": 1774717094715, "gps_fix": true, "api_key": "my_secret_gps_api_key"}
2026-03-28 18:58:14,990 INFO gps.mqtt_service: [enregistre] gps/devices/ESP32_SIM_001/location device=ESP32_SIM_001 status=201
2026-03-28 18:58:18,190 INFO gps.mqtt_service: [recu] gps/devices/ESP32_SIM_001/location {"device_id": "ESP32_SIM_001", "lat": -3.381415, "lng": 29.36344, "alt": 782.3, "speed": 33.6, "satellites": 10, "battery": 77.4, "timestamp": 1774717096716, "gps_fix": true, "api_key": "my_secret_gps_api_key"}
2026-03-28 18:58:18,204 INFO gps.mqtt_service: [enregistre] gps/devices/ESP32_SIM_001/location device=ESP32_SIM_001 status=201
2026-03-28 18:58:19,833 INFO gps.mqtt_service: [recu] gps/devices/ESP32_SIM_001/location {"device_id": "ESP32_SIM_001", "lat": -3.381517, "lng": 29.363343, "alt": 785.9, "speed": 37.7, "satellites": 11, "battery": 77.3, "timestamp": 1774717098717, "gps_fix": true, "api_key": "my_secret_gps_api_key"}
2026-03-28 18:58:19,847 INFO gps.mqtt_service: [enregistre] gps/devices/ESP32_SIM_001/location device=ESP32_SIM_001 status=201
2026-03-28 18:58:21,431 INFO gps.mqtt_service: [recu] gps/devices/ESP32_SIM_001/location {"device_id": "ESP32_SIM_001", "lat": -3.381657, "lng": 29.363369, "alt": 781.1, "speed": 46.6, "satellites": 10, "battery": 77.2, "timestamp": 1774717100718, "gps_fix": true, "api_key": "my_secret_gps_api_key"}
2026-03-28 18:58:21,443 INFO gps.mqtt_service: [enregistre] gps/devices/ESP32_SIM_001/location device=ESP32_SIM_001 status=201
2026-03-28 18:58:23,503 INFO gps.mqtt_service: [recu] gps/devices/ESP32_SIM_001/location {"device_id": "ESP32_SIM_001", "lat": -3.381872, "lng": 29.363268, "alt": 783.5, "speed": 37.2, "satellites": 12, "battery": 77.2, "timestamp": 1774717102720, "gps_fix": true, "api_key": "my_secret_gps_api_key"}
2026-03-28 18:58:23,513 INFO gps.mqtt_service: [enregistre] gps/devices/ESP32_SIM_001/location device=ESP32_SIM_001 status=201
2026-03-28 18:58:25,081 INFO gps.mqtt_service: [recu] gps/devices/ESP32_SIM_001/location {"device_id": "ESP32_SIM_001", "lat": -3.381913, "lng": 29.363262, "alt": 772.5, "speed": 45.1, "satellites": 10, "battery": 77.1, "timestamp": 1774717104721, "gps_fix": true, "api_key": "my_secret_gps_api_key"}
2026-03-28 18:58:25,093 INFO gps.mqtt_service: [enregistre] gps/devices/ESP32_SIM_001/location device=ESP32_SIM_001 status=201
2026-03-28 18:58:26,994 INFO gps.mqtt_service: [recu] gps/devices/ESP32_SIM_001/location {"device_id": "ESP32_SIM_001", "lat": -3.382075, "lng": 29.363227, "alt": 782.8, "speed": 43.7, "satellites": 10, "battery": 77.0, "timestamp": 1774717106722, "gps_fix": true, "api_key": "my_secret_gps_api_key"}
2026-03-28 18:58:27,009 INFO gps.mqtt_service: [enregistre] gps/devices/ESP32_SIM_001/location device=ESP32_SIM_001 status=201
2026-03-28 18:58:28,985 INFO gps.mqtt_service: [recu] gps/devices/ESP32_SIM_001/location {"device_id": "ESP32_SIM_001", "lat": -3.38219, "lng": 29.363218, "alt": 784.9, "speed": 36.1, "satellites": 12, "battery": 76.9, "timestamp": 1774717108725, "gps_fix": true, "api_key": "my_secret_gps_api_key"}
2026-03-28 18:58:29,007 INFO gps.mqtt_service: [enregistre] gps/devices/ESP32_SIM_001/location device=ESP32_SIM_001 status=201
2026-03-28 18:58:32,173 INFO gps.mqtt_service: [recu] gps/devices/ESP32_SIM_001/location {"device_id": "ESP32_SIM_001", "lat": -3.382377, "lng": 29.363175, "alt": 777.4, "speed": 43.5, "satellites": 12, "battery": 76.8, "timestamp": 1774717110728, "gps_fix": true, "api_key": "my_secret_gps_api_key"}
2026-03-28 18:58:32,206 INFO gps.mqtt_service: [enregistre] gps/devices/ESP32_SIM_001/location device=ESP32_SIM_001 status=201
2026-03-28 18:58:34,764 INFO gps.mqtt_service: [recu] gps/devices/ESP32_SIM_001/location {"device_id": "ESP32_SIM_001", "lat": -3.382484, "lng": 29.363243, "alt": 779.8, "speed": 39.7, "satellites": 10, "battery": 76.8, "timestamp": 1774717112729, "gps_fix": true, "api_key": "my_secret_gps_api_key"}
2026-03-28 18:58:34,785 INFO gps.mqtt_service: [enregistre] gps/devices/ESP32_SIM_001/location device=ESP32_SIM_001 status=201
2026-03-28 18:58:37,007 INFO gps.mqtt_service: [recu] gps/devices/ESP32_SIM_001/location {"device_id": "ESP32_SIM_001", "lat": -3.382723, "lng": 29.363314, "alt": 785.6, "speed": 45.1, "satellites": 9, "battery": 76.7, "timestamp": 1774717114731, "gps_fix": true, "api_key": "my_secret_gps_api_key"}
2026-03-28 18:58:37,021 INFO gps.mqtt_service: [enregistre] gps/devices/ESP32_SIM_001/location device=ESP32_SIM_001 status=201
2026-03-28 18:58:38,061 INFO gps.mqtt_service: [recu] gps/devices/ESP32_SIM_001/location {"device_id": "ESP32_SIM_001", "lat": -3.382864, "lng": 29.363421, "alt": 782.6, "speed": 39.3, "satellites": 10, "battery": 76.6, "timestamp": 1774717116735, "gps_fix": true, "api_key": "my_secret_gps_api_key"}
2026-03-28 18:58:38,076 INFO gps.mqtt_service: [enregistre] gps/devices/ESP32_SIM_001/location device=ESP32_SIM_001 status=201
2026-03-28 18:58:39,396 INFO gps.mqtt_service: [recu] gps/devices/ESP32_SIM_001/location {"device_id": "ESP32_SIM_001", "lat": -3.38289, "lng": 29.363383, "alt": 773.2, "speed": 33.9, "satellites": 13, "battery": 76.5, "timestamp": 1774717118737, "gps_fix": true, "api_key": "my_secret_gps_api_key"}
2026-03-28 18:58:39,421 INFO gps.mqtt_service: [enregistre] gps/devices/ESP32_SIM_001/location device=ESP32_SIM_001 status=201
2026-03-28 18:58:40,976 INFO gps.mqtt_service: [recu] gps/devices/ESP32_SIM_001/location {"device_id": "ESP32_SIM_001", "lat": -3.383042, "lng": 29.363518, "alt": 784.7, "speed": 44.4, "satellites": 10, "battery": 76.4, "timestamp": 1774717120738, "gps_fix": true, "api_key": "my_secret_gps_api_key"}
2026-03-28 18:58:40,988 INFO gps.mqtt_service: [enregistre] gps/devices/ESP32_SIM_001/location device=ESP32_SIM_001 status=201
2026-03-28 18:58:43,045 INFO gps.mqtt_service: [recu] gps/devices/ESP32_SIM_001/location {"device_id": "ESP32_SIM_001", "lat": -3.383113, "lng": 29.363708, "alt": 785.6, "speed": 42.7, "satellites": 12, "battery": 76.4, "timestamp": 1774717122741, "gps_fix": true, "api_key": "my_secret_gps_api_key"}
2026-03-28 18:58:43,063 INFO gps.mqtt_service: [enregistre] gps/devices/ESP32_SIM_001/location device=ESP32_SIM_001 status=201
2026-03-28 18:58:45,006 INFO gps.mqtt_service: [recu] gps/devices/ESP32_SIM_001/location {"device_id": "ESP32_SIM_001", "lat": -3.383251, "lng": 29.363803, "alt": 779.8, "speed": 45.5, "satellites": 11, "battery": 76.3, "timestamp": 1774717124743, "gps_fix": true, "api_key": "my_secret_gps_api_key"}
2026-03-28 18:58:45,035 INFO gps.mqtt_service: [enregistre] gps/devices/ESP32_SIM_001/location device=ESP32_SIM_001 status=201
2026-03-28 18:58:47,817 INFO gps.mqtt_service: [recu] gps/devices/ESP32_SIM_001/location {"device_id": "ESP32_SIM_001", "lat": -3.383292, "lng": 29.363852, "alt": 776.7, "speed": 40.2, "satellites": 10, "battery": 76.2, "timestamp": 1774717126744, "gps_fix": true, "api_key": "my_secret_gps_api_key"}
2026-03-28 18:58:47,830 INFO gps.mqtt_service: [enregistre] gps/devices/ESP32_SIM_001/location device=ESP32_SIM_001 status=201
2026-03-28 18:58:49,011 INFO gps.mqtt_service: [recu] gps/devices/ESP32_SIM_001/location {"device_id": "ESP32_SIM_001", "lat": -3.383371, "lng": 29.364103, "alt": 786.0, "speed": 40.4, "satellites": 12, "battery": 76.1, "timestamp": 1774717128746, "gps_fix": true, "api_key": "my_secret_gps_api_key"}
2026-03-28 18:58:49,022 INFO gps.mqtt_service: [enregistre] gps/devices/ESP32_SIM_001/location device=ESP32_SIM_001 status=201
2026-03-28 18:58:51,012 INFO gps.mqtt_service: [recu] gps/devices/ESP32_SIM_001/location {"device_id": "ESP32_SIM_001", "lat": -3.383427, "lng": 29.364194, "alt": 788.0, "speed": 44.9, "satellites": 11, "battery": 76.0, "timestamp": 1774717130747, "gps_fix": true, "api_key": "my_secret_gps_api_key"}
2026-03-28 18:58:51,021 INFO gps.mqtt_service: [enregistre] gps/devices/ESP32_SIM_001/location device=ESP32_SIM_001 status=201
2026-03-28 18:58:57,031 INFO gps.mqtt_service: [recu] gps/devices/ESP32_SIM_001/location {"device_id": "ESP32_SIM_001", "lat": -3.382201, "lng": 29.365644, "alt": 786.8, "speed": 32.7, "satellites": 10, "battery": 87.0, "timestamp": 1774717136776, "gps_fix": true, "api_key": "my_secret_gps_api_key"}
2026-03-28 18:58:57,049 INFO gps.mqtt_service: [enregistre] gps/devices/ESP32_SIM_001/location device=ESP32_SIM_001 status=201
2026-03-28 18:58:59,028 INFO gps.mqtt_service: [recu] gps/devices/ESP32_SIM_001/location {"device_id": "ESP32_SIM_001", "lat": -3.382042, "lng": 29.365594, "alt": 783.9, "speed": 43.0, "satellites": 10, "battery": 86.9, "timestamp": 1774717138777, "gps_fix": true, "api_key": "my_secret_gps_api_key"}
2026-03-28 18:58:59,077 INFO gps.mqtt_service: [enregistre] gps/devices/ESP32_SIM_001/location device=ESP32_SIM_001 status=201
2026-03-28 18:59:01,042 INFO gps.mqtt_service: [recu] gps/devices/ESP32_SIM_001/location {"device_id": "ESP32_SIM_001", "lat": -3.381973, "lng": 29.365635, "alt": 778.6, "speed": 46.0, "satellites": 10, "battery": 86.8, "timestamp": 1774717140778, "gps_fix": true, "api_key": "my_secret_gps_api_key"}
2026-03-28 18:59:01,054 INFO gps.mqtt_service: [enregistre] gps/devices/ESP32_SIM_001/location device=ESP32_SIM_001 status=201
2026-03-28 18:59:03,051 INFO gps.mqtt_service: [recu] gps/devices/ESP32_SIM_001/location {"device_id": "ESP32_SIM_001", "lat": -3.381794, "lng": 29.365446, "alt": 784.6, "speed": 35.1, "satellites": 13, "battery": 86.8, "timestamp": 1774717142779, "gps_fix": true, "api_key": "my_secret_gps_api_key"}
2026-03-28 18:59:03,070 INFO gps.mqtt_service: [enregistre] gps/devices/ESP32_SIM_001/location device=ESP32_SIM_001 status=201
2026-03-28 18:59:05,050 INFO gps.mqtt_service: [recu] gps/devices/ESP32_SIM_001/location {"device_id": "ESP32_SIM_001", "lat": -3.381641, "lng": 29.365462, "alt": 775.1, "speed": 42.5, "satellites": 10, "battery": 86.7, "timestamp": 1774717144781, "gps_fix": true, "api_key": "my_secret_gps_api_key"}
2026-03-28 18:59:05,064 INFO gps.mqtt_service: [enregistre] gps/devices/ESP32_SIM_001/location device=ESP32_SIM_001 status=201
2026-03-28 18:59:07,031 INFO gps.mqtt_service: [recu] gps/devices/ESP32_SIM_001/location {"device_id": "ESP32_SIM_001", "lat": -3.38145, "lng": 29.365363, "alt": 773.0, "speed": 32.6, "satellites": 9, "battery": 86.6, "timestamp": 1774717146782, "gps_fix": true, "api_key": "my_secret_gps_api_key"}
2026-03-28 18:59:07,042 INFO gps.mqtt_service: [enregistre] gps/devices/ESP32_SIM_001/location device=ESP32_SIM_001 status=201
2026-03-28 18:59:09,049 INFO gps.mqtt_service: [recu] gps/devices/ESP32_SIM_001/location {"device_id": "ESP32_SIM_001", "lat": -3.381382, "lng": 29.365296, "alt": 772.8, "speed": 46.2, "satellites": 13, "battery": 86.5, "timestamp": 1774717148784, "gps_fix": true, "api_key": "my_secret_gps_api_key"}
2026-03-28 18:59:09,062 INFO gps.mqtt_service: [enregistre] gps/devices/ESP32_SIM_001/location device=ESP32_SIM_001 status=201
2026-03-28 18:59:16,709 WARNING gps.mqtt_service: Service MQTT GPS demarre depuis gps.apps.
2026-03-28 18:59:16,755 WARNING gps.mqtt_service: MQTT connexion en cours... broker=de7ccf69e70f4ffea025b868e4f08223.s1.eu.hivemq.cloud:8883 client_id=comm-app-gps-backend tls=True
2026-03-28 18:59:17,758 INFO gps.mqtt_service: MQTT connecte. Abonnement a gps/devices/+/location
2026-03-28 18:59:19,042 INFO gps.mqtt_service: [recu] gps/devices/ESP32_SIM_001/location {"device_id": "ESP32_SIM_001", "lat": -3.381089, "lng": 29.364585, "alt": 782.1, "speed": 37.4, "satellites": 12, "battery": 86.1, "timestamp": 1774717158792, "gps_fix": true, "api_key": "my_secret_gps_api_key"}
2026-03-28 18:59:19,073 INFO gps.mqtt_service: [enregistre] gps/devices/ESP32_SIM_001/location device=ESP32_SIM_001 status=201
2026-03-28 18:59:21,052 INFO gps.mqtt_service: [recu] gps/devices/ESP32_SIM_001/location {"device_id": "ESP32_SIM_001", "lat": -3.381076, "lng": 29.364522, "alt": 782.1, "speed": 36.7, "satellites": 10, "battery": 86.0, "timestamp": 1774717160793, "gps_fix": true, "api_key": "my_secret_gps_api_key"}
2026-03-28 18:59:21,070 INFO gps.mqtt_service: [enregistre] gps/devices/ESP32_SIM_001/location device=ESP32_SIM_001 status=201
2026-03-28 18:59:23,041 INFO gps.mqtt_service: [recu] gps/devices/ESP32_SIM_001/location {"device_id": "ESP32_SIM_001", "lat": -3.381045, "lng": 29.36433, "alt": 787.9, "speed": 40.3, "satellites": 9, "battery": 86.0, "timestamp": 1774717162795, "gps_fix": true, "api_key": "my_secret_gps_api_key"}
2026-03-28 18:59:23,055 INFO gps.mqtt_service: [enregistre] gps/devices/ESP32_SIM_001/location device=ESP32_SIM_001 status=201
2026-03-28 18:59:25,068 INFO gps.mqtt_service: [recu] gps/devices/ESP32_SIM_001/location {"device_id": "ESP32_SIM_001", "lat": -3.380948, "lng": 29.36426, "alt": 781.7, "speed": 43.9, "satellites": 13, "battery": 85.9, "timestamp": 1774717164797, "gps_fix": true, "api_key": "my_secret_gps_api_key"}
2026-03-28 18:59:25,088 INFO gps.mqtt_service: [enregistre] gps/devices/ESP32_SIM_001/location device=ESP32_SIM_001 status=201
2026-03-28 18:59:27,071 INFO gps.mqtt_service: [recu] gps/devices/ESP32_SIM_001/location {"device_id": "ESP32_SIM_001", "lat": -3.381029, "lng": 29.364005, "alt": 787.6, "speed": 37.4, "satellites": 12, "battery": 85.8, "timestamp": 1774717166810, "gps_fix": true, "api_key": "my_secret_gps_api_key"}
2026-03-28 18:59:27,096 INFO gps.mqtt_service: [enregistre] gps/devices/ESP32_SIM_001/location device=ESP32_SIM_001 status=201
2026-03-28 18:59:29,094 INFO gps.mqtt_service: [recu] gps/devices/ESP32_SIM_001/location {"device_id": "ESP32_SIM_001", "lat": -3.381032, "lng": 29.363929, "alt": 786.3, "speed": 44.3, "satellites": 10, "battery": 85.7, "timestamp": 1774717168829, "gps_fix": true, "api_key": "my_secret_gps_api_key"}
2026-03-28 18:59:29,125 INFO gps.mqtt_service: [enregistre] gps/devices/ESP32_SIM_001/location device=ESP32_SIM_001 status=201
2026-03-28 18:59:31,082 INFO gps.mqtt_service: [recu] gps/devices/ESP32_SIM_001/location {"device_id": "ESP32_SIM_001", "lat": -3.381259, "lng": 29.363735, "alt": 787.6, "speed": 31.3, "satellites": 11, "battery": 85.6, "timestamp": 1774717170832, "gps_fix": true, "api_key": "my_secret_gps_api_key"}
2026-03-28 18:59:31,103 INFO gps.mqtt_service: [enregistre] gps/devices/ESP32_SIM_001/location device=ESP32_SIM_001 status=201
2026-03-28 18:59:33,080 INFO gps.mqtt_service: [recu] gps/devices/ESP32_SIM_001/location {"device_id": "ESP32_SIM_001", "lat": -3.381243, "lng": 29.363629, "alt": 775.4, "speed": 33.5, "satellites": 13, "battery": 85.6, "timestamp": 1774717172834, "gps_fix": true, "api_key": "my_secret_gps_api_key"}
2026-03-28 18:59:33,101 INFO gps.mqtt_service: [enregistre] gps/devices/ESP32_SIM_001/location device=ESP32_SIM_001 status=201
2026-03-28 18:59:35,092 INFO gps.mqtt_service: [recu] gps/devices/ESP32_SIM_001/location {"device_id": "ESP32_SIM_001", "lat": -3.381289, "lng": 29.363501, "alt": 781.0, "speed": 43.6, "satellites": 11, "battery": 85.5, "timestamp": 1774717174835, "gps_fix": true, "api_key": "my_secret_gps_api_key"}
2026-03-28 18:59:35,112 INFO gps.mqtt_service: [enregistre] gps/devices/ESP32_SIM_001/location device=ESP32_SIM_001 status=201
2026-03-28 18:59:37,091 INFO gps.mqtt_service: [recu] gps/devices/ESP32_SIM_001/location {"device_id": "ESP32_SIM_001", "lat": -3.381442, "lng": 29.363454, "alt": 777.1, "speed": 38.5, "satellites": 11, "battery": 85.4, "timestamp": 1774717176837, "gps_fix": true, "api_key": "my_secret_gps_api_key"}
2026-03-28 18:59:37,109 INFO gps.mqtt_service: [enregistre] gps/devices/ESP32_SIM_001/location device=ESP32_SIM_001 status=201
2026-03-28 18:59:39,100 INFO gps.mqtt_service: [recu] gps/devices/ESP32_SIM_001/location {"device_id": "ESP32_SIM_001", "lat": -3.381651, "lng": 29.363302, "alt": 772.5, "speed": 46.0, "satellites": 10, "battery": 85.3, "timestamp": 1774717178840, "gps_fix": true, "api_key": "my_secret_gps_api_key"}
2026-03-28 18:59:39,126 INFO gps.mqtt_service: [enregistre] gps/devices/ESP32_SIM_001/location device=ESP32_SIM_001 status=201
2026-03-28 18:59:41,188 INFO gps.mqtt_service: [recu] gps/devices/ESP32_SIM_001/location {"device_id": "ESP32_SIM_001", "lat": -3.381698, "lng": 29.363217, "alt": 778.7, "speed": 46.6, "satellites": 11, "battery": 85.2, "timestamp": 1774717180842, "gps_fix": true, "api_key": "my_secret_gps_api_key"}
2026-03-28 18:59:41,227 INFO gps.mqtt_service: [enregistre] gps/devices/ESP32_SIM_001/location device=ESP32_SIM_001 status=201
2026-03-28 18:59:43,099 INFO gps.mqtt_service: [recu] gps/devices/ESP32_SIM_001/location {"device_id": "ESP32_SIM_001", "lat": -3.381921, "lng": 29.36326, "alt": 786.8, "speed": 37.8, "satellites": 12, "battery": 85.2, "timestamp": 1774717182843, "gps_fix": true, "api_key": "my_secret_gps_api_key"}
2026-03-28 18:59:43,128 INFO gps.mqtt_service: [enregistre] gps/devices/ESP32_SIM_001/location device=ESP32_SIM_001 status=201
2026-03-28 18:59:45,106 INFO gps.mqtt_service: [recu] gps/devices/ESP32_SIM_001/location {"device_id": "ESP32_SIM_001", "lat": -3.382105, "lng": 29.363165, "alt": 779.8, "speed": 39.9, "satellites": 11, "battery": 85.1, "timestamp": 1774717184845, "gps_fix": true, "api_key": "my_secret_gps_api_key"}
2026-03-28 18:59:45,118 INFO gps.mqtt_service: [enregistre] gps/devices/ESP32_SIM_001/location device=ESP32_SIM_001 status=201
2026-03-28 18:59:47,767 INFO gps.mqtt_service: [recu] gps/devices/ESP32_SIM_001/location {"device_id": "ESP32_SIM_001", "lat": -3.3822, "lng": 29.363133, "alt": 779.9, "speed": 35.4, "satellites": 9, "battery": 85.0, "timestamp": 1774717186846, "gps_fix": true, "api_key": "my_secret_gps_api_key"}
2026-03-28 18:59:47,801 INFO gps.mqtt_service: [enregistre] gps/devices/ESP32_SIM_001/location device=ESP32_SIM_001 status=201
2026-03-28 18:59:49,140 INFO gps.mqtt_service: [recu] gps/devices/ESP32_SIM_001/location {"device_id": "ESP32_SIM_001", "lat": -3.382304, "lng": 29.363204, "alt": 783.3, "speed": 47.0, "satellites": 13, "battery": 84.9, "timestamp": 1774717188850, "gps_fix": true, "api_key": "my_secret_gps_api_key"}
2026-03-28 18:59:49,160 INFO gps.mqtt_service: [enregistre] gps/devices/ESP32_SIM_001/location device=ESP32_SIM_001 status=201
2026-03-28 18:59:51,184 INFO gps.mqtt_service: [recu] gps/devices/ESP32_SIM_001/location {"device_id": "ESP32_SIM_001", "lat": -3.382408, "lng": 29.363191, "alt": 773.2, "speed": 39.6, "satellites": 11, "battery": 84.8, "timestamp": 1774717190852, "gps_fix": true, "api_key": "my_secret_gps_api_key"}
2026-03-28 18:59:51,212 INFO gps.mqtt_service: [enregistre] gps/devices/ESP32_SIM_001/location device=ESP32_SIM_001 status=201
2026-03-28 18:59:53,101 INFO gps.mqtt_service: [recu] gps/devices/ESP32_SIM_001/location {"device_id": "ESP32_SIM_001", "lat": -3.382685, "lng": 29.363304, "alt": 773.1, "speed": 39.5, "satellites": 10, "battery": 84.8, "timestamp": 1774717192854, "gps_fix": true, "api_key": "my_secret_gps_api_key"}
2026-03-28 18:59:53,117 INFO gps.mqtt_service: [enregistre] gps/devices/ESP32_SIM_001/location device=ESP32_SIM_001 status=201
2026-03-28 18:59:55,091 INFO gps.mqtt_service: [recu] gps/devices/ESP32_SIM_001/location {"device_id": "ESP32_SIM_001", "lat": -3.382733, "lng": 29.363263, "alt": 785.6, "speed": 41.6, "satellites": 11, "battery": 84.7, "timestamp": 1774717194856, "gps_fix": true, "api_key": "my_secret_gps_api_key"}
2026-03-28 18:59:55,113 INFO gps.mqtt_service: [enregistre] gps/devices/ESP32_SIM_001/location device=ESP32_SIM_001 status=201
2026-03-28 18:59:57,139 INFO gps.mqtt_service: [recu] gps/devices/ESP32_SIM_001/location {"device_id": "ESP32_SIM_001", "lat": -3.382869, "lng": 29.363457, "alt": 776.4, "speed": 38.2, "satellites": 13, "battery": 84.6, "timestamp": 1774717196858, "gps_fix": true, "api_key": "my_secret_gps_api_key"}
2026-03-28 18:59:57,161 INFO gps.mqtt_service: [enregistre] gps/devices/ESP32_SIM_001/location device=ESP32_SIM_001 status=201
2026-03-28 18:59:59,309 INFO gps.mqtt_service: [recu] gps/devices/ESP32_SIM_001/location {"device_id": "ESP32_SIM_001", "lat": -3.383051, "lng": 29.36347, "alt": 775.5, "speed": 41.8, "satellites": 11, "battery": 84.5, "timestamp": 1774717198859, "gps_fix": true, "api_key": "my_secret_gps_api_key"}
2026-03-28 18:59:59,352 INFO gps.mqtt_service: [enregistre] gps/devices/ESP32_SIM_001/location device=ESP32_SIM_001 status=201
2026-03-28 19:00:01,129 INFO gps.mqtt_service: [recu] gps/devices/ESP32_SIM_001/location {"device_id": "ESP32_SIM_001", "lat": -3.383065, "lng": 29.363554, "alt": 773.1, "speed": 38.8, "satellites": 12, "battery": 84.4, "timestamp": 1774717200862, "gps_fix": true, "api_key": "my_secret_gps_api_key"}
2026-03-28 19:00:01,491 INFO gps.mqtt_service: [enregistre] gps/devices/ESP32_SIM_001/location device=ESP32_SIM_001 status=201
2026-03-28 19:00:04,623 INFO gps.mqtt_service: [recu] gps/devices/ESP32_SIM_001/location {"device_id": "ESP32_SIM_001", "lat": -3.383235, "lng": 29.36367, "alt": 784.0, "speed": 40.3, "satellites": 11, "battery": 84.4, "timestamp": 1774717202865, "gps_fix": true, "api_key": "my_secret_gps_api_key"}
2026-03-28 19:00:04,640 INFO gps.mqtt_service: [enregistre] gps/devices/ESP32_SIM_001/location device=ESP32_SIM_001 status=201
2026-03-28 19:00:05,323 INFO gps.mqtt_service: [recu] gps/devices/ESP32_SIM_001/location {"device_id": "ESP32_SIM_001", "lat": -3.383292, "lng": 29.363788, "alt": 785.5, "speed": 34.1, "satellites": 10, "battery": 84.3, "timestamp": 1774717204869, "gps_fix": true, "api_key": "my_secret_gps_api_key"}
2026-03-28 19:00:05,341 INFO gps.mqtt_service: [enregistre] gps/devices/ESP32_SIM_001/location device=ESP32_SIM_001 status=201
2026-03-28 19:00:07,149 INFO gps.mqtt_service: [recu] gps/devices/ESP32_SIM_001/location {"device_id": "ESP32_SIM_001", "lat": -3.383286, "lng": 29.364071, "alt": 785.6, "speed": 35.5, "satellites": 10, "battery": 84.2, "timestamp": 1774717206871, "gps_fix": true, "api_key": "my_secret_gps_api_key"}
2026-03-28 19:00:07,172 INFO gps.mqtt_service: [enregistre] gps/devices/ESP32_SIM_001/location device=ESP32_SIM_001 status=201
2026-03-28 19:00:09,456 INFO gps.mqtt_service: [recu] gps/devices/ESP32_SIM_001/location {"device_id": "ESP32_SIM_001", "lat": -3.383396, "lng": 29.364087, "alt": 772.2, "speed": 45.2, "satellites": 12, "battery": 84.1, "timestamp": 1774717208873, "gps_fix": true, "api_key": "my_secret_gps_api_key"}
2026-03-28 19:00:09,476 INFO gps.mqtt_service: [enregistre] gps/devices/ESP32_SIM_001/location device=ESP32_SIM_001 status=201
2026-03-28 19:00:11,193 INFO gps.mqtt_service: [recu] gps/devices/ESP32_SIM_001/location {"device_id": "ESP32_SIM_001", "lat": -3.38346, "lng": 29.364221, "alt": 779.6, "speed": 43.6, "satellites": 12, "battery": 84.0, "timestamp": 1774717210875, "gps_fix": true, "api_key": "my_secret_gps_api_key"}
2026-03-28 19:00:11,215 INFO gps.mqtt_service: [enregistre] gps/devices/ESP32_SIM_001/location device=ESP32_SIM_001 status=201
2026-03-28 19:00:13,136 INFO gps.mqtt_service: [recu] gps/devices/ESP32_SIM_001/location {"device_id": "ESP32_SIM_001", "lat": -3.383348, "lng": 29.364466, "alt": 780.9, "speed": 32.0, "satellites": 11, "battery": 84.0, "timestamp": 1774717212876, "gps_fix": true, "api_key": "my_secret_gps_api_key"}
2026-03-28 19:00:13,156 INFO gps.mqtt_service: [enregistre] gps/devices/ESP32_SIM_001/location device=ESP32_SIM_001 status=201
2026-03-28 19:00:15,147 INFO gps.mqtt_service: [recu] gps/devices/ESP32_SIM_001/location {"device_id": "ESP32_SIM_001", "lat": -3.383351, "lng": 29.36465, "alt": 775.6, "speed": 36.6, "satellites": 11, "battery": 83.9, "timestamp": 1774717214878, "gps_fix": true, "api_key": "my_secret_gps_api_key"}
2026-03-28 19:00:15,174 INFO gps.mqtt_service: [enregistre] gps/devices/ESP32_SIM_001/location device=ESP32_SIM_001 status=201
2026-03-28 19:00:17,142 INFO gps.mqtt_service: [recu] gps/devices/ESP32_SIM_001/location {"device_id": "ESP32_SIM_001", "lat": -3.383286, "lng": 29.364771, "alt": 781.3, "speed": 31.5, "satellites": 11, "battery": 83.8, "timestamp": 1774717216889, "gps_fix": true, "api_key": "my_secret_gps_api_key"}
2026-03-28 19:00:17,166 INFO gps.mqtt_service: [enregistre] gps/devices/ESP32_SIM_001/location device=ESP32_SIM_001 status=201
2026-03-28 19:00:19,170 INFO gps.mqtt_service: [recu] gps/devices/ESP32_SIM_001/location {"device_id": "ESP32_SIM_001", "lat": -3.383365, "lng": 29.364808, "alt": 782.0, "speed": 40.7, "satellites": 10, "battery": 83.7, "timestamp": 1774717218900, "gps_fix": true, "api_key": "my_secret_gps_api_key"}
2026-03-28 19:00:19,184 INFO gps.mqtt_service: [enregistre] gps/devices/ESP32_SIM_001/location device=ESP32_SIM_001 status=201
2026-03-28 19:00:21,161 INFO gps.mqtt_service: [recu] gps/devices/ESP32_SIM_001/location {"device_id": "ESP32_SIM_001", "lat": -3.383214, "lng": 29.364961, "alt": 778.1, "speed": 46.1, "satellites": 10, "battery": 83.6, "timestamp": 1774717220902, "gps_fix": true, "api_key": "my_secret_gps_api_key"}
2026-03-28 19:00:21,177 INFO gps.mqtt_service: [enregistre] gps/devices/ESP32_SIM_001/location device=ESP32_SIM_001 status=201
2026-03-28 19:00:23,158 INFO gps.mqtt_service: [recu] gps/devices/ESP32_SIM_001/location {"device_id": "ESP32_SIM_001", "lat": -3.383173, "lng": 29.365148, "alt": 776.5, "speed": 35.9, "satellites": 10, "battery": 83.6, "timestamp": 1774717222903, "gps_fix": true, "api_key": "my_secret_gps_api_key"}
2026-03-28 19:00:23,191 INFO gps.mqtt_service: [enregistre] gps/devices/ESP32_SIM_001/location device=ESP32_SIM_001 status=201
2026-03-28 19:00:25,166 INFO gps.mqtt_service: [recu] gps/devices/ESP32_SIM_001/location {"device_id": "ESP32_SIM_001", "lat": -3.383124, "lng": 29.365323, "alt": 778.5, "speed": 36.8, "satellites": 10, "battery": 83.5, "timestamp": 1774717224905, "gps_fix": true, "api_key": "my_secret_gps_api_key"}
2026-03-28 19:00:25,185 INFO gps.mqtt_service: [enregistre] gps/devices/ESP32_SIM_001/location device=ESP32_SIM_001 status=201
2026-03-28 19:00:27,172 INFO gps.mqtt_service: [recu] gps/devices/ESP32_SIM_001/location {"device_id": "ESP32_SIM_001", "lat": -3.382892, "lng": 29.365292, "alt": 777.7, "speed": 42.5, "satellites": 13, "battery": 83.4, "timestamp": 1774717226908, "gps_fix": true, "api_key": "my_secret_gps_api_key"}
2026-03-28 19:00:27,200 INFO gps.mqtt_service: [enregistre] gps/devices/ESP32_SIM_001/location device=ESP32_SIM_001 status=201
2026-03-28 19:00:29,183 INFO gps.mqtt_service: [recu] gps/devices/ESP32_SIM_001/location {"device_id": "ESP32_SIM_001", "lat": -3.3828, "lng": 29.365481, "alt": 774.2, "speed": 38.2, "satellites": 10, "battery": 83.3, "timestamp": 1774717228923, "gps_fix": true, "api_key": "my_secret_gps_api_key"}
2026-03-28 19:00:29,203 INFO gps.mqtt_service: [enregistre] gps/devices/ESP32_SIM_001/location device=ESP32_SIM_001 status=201
2026-03-28 19:00:31,216 INFO gps.mqtt_service: [recu] gps/devices/ESP32_SIM_001/location {"device_id": "ESP32_SIM_001", "lat": -3.382737, "lng": 29.365456, "alt": 786.0, "speed": 43.0, "satellites": 13, "battery": 83.2, "timestamp": 1774717230938, "gps_fix": true, "api_key": "my_secret_gps_api_key"}
2026-03-28 19:00:31,241 INFO gps.mqtt_service: [enregistre] gps/devices/ESP32_SIM_001/location device=ESP32_SIM_001 status=201
2026-03-28 19:00:33,184 INFO gps.mqtt_service: [recu] gps/devices/ESP32_SIM_001/location {"device_id": "ESP32_SIM_001", "lat": -3.382615, "lng": 29.365571, "alt": 787.4, "speed": 37.5, "satellites": 9, "battery": 83.2, "timestamp": 1774717232940, "gps_fix": true, "api_key": "my_secret_gps_api_key"}
2026-03-28 19:00:33,199 INFO gps.mqtt_service: [enregistre] gps/devices/ESP32_SIM_001/location device=ESP32_SIM_001 status=201
2026-03-28 19:00:35,211 INFO gps.mqtt_service: [recu] gps/devices/ESP32_SIM_001/location {"device_id": "ESP32_SIM_001", "lat": -3.382329, "lng": 29.365558, "alt": 780.1, "speed": 38.3, "satellites": 13, "battery": 83.1, "timestamp": 1774717234941, "gps_fix": true, "api_key": "my_secret_gps_api_key"}
2026-03-28 19:00:35,235 INFO gps.mqtt_service: [enregistre] gps/devices/ESP32_SIM_001/location device=ESP32_SIM_001 status=201
2026-03-28 19:00:37,202 INFO gps.mqtt_service: [recu] gps/devices/ESP32_SIM_001/location {"device_id": "ESP32_SIM_001", "lat": -3.382272, "lng": 29.365653, "alt": 775.8, "speed": 33.5, "satellites": 11, "battery": 83.0, "timestamp": 1774717236942, "gps_fix": true, "api_key": "my_secret_gps_api_key"}
2026-03-28 19:00:37,227 INFO gps.mqtt_service: [enregistre] gps/devices/ESP32_SIM_001/location device=ESP32_SIM_001 status=201
2026-03-28 19:00:39,216 INFO gps.mqtt_service: [recu] gps/devices/ESP32_SIM_001/location {"device_id": "ESP32_SIM_001", "lat": -3.382121, "lng": 29.365622, "alt": 782.7, "speed": 38.2, "satellites": 9, "battery": 82.9, "timestamp": 1774717238943, "gps_fix": true, "api_key": "my_secret_gps_api_key"}
2026-03-28 19:00:39,242 INFO gps.mqtt_service: [enregistre] gps/devices/ESP32_SIM_001/location device=ESP32_SIM_001 status=201
2026-03-28 19:00:41,204 INFO gps.mqtt_service: [recu] gps/devices/ESP32_SIM_001/location {"device_id": "ESP32_SIM_001", "lat": -3.381879, "lng": 29.365621, "alt": 778.1, "speed": 40.4, "satellites": 12, "battery": 82.8, "timestamp": 1774717240944, "gps_fix": true, "api_key": "my_secret_gps_api_key"}
2026-03-28 19:00:41,226 INFO gps.mqtt_service: [enregistre] gps/devices/ESP32_SIM_001/location device=ESP32_SIM_001 status=201
2026-03-28 19:00:43,191 INFO gps.mqtt_service: [recu] gps/devices/ESP32_SIM_001/location {"device_id": "ESP32_SIM_001", "lat": -3.381807, "lng": 29.365457, "alt": 786.6, "speed": 36.1, "satellites": 10, "battery": 82.8, "timestamp": 1774717242946, "gps_fix": true, "api_key": "my_secret_gps_api_key"}
2026-03-28 19:00:43,224 INFO gps.mqtt_service: [enregistre] gps/devices/ESP32_SIM_001/location device=ESP32_SIM_001 status=201
2026-03-28 19:00:45,237 INFO gps.mqtt_service: [recu] gps/devices/ESP32_SIM_001/location {"device_id": "ESP32_SIM_001", "lat": -3.381722, "lng": 29.365537, "alt": 781.4, "speed": 46.3, "satellites": 11, "battery": 82.7, "timestamp": 1774717244948, "gps_fix": true, "api_key": "my_secret_gps_api_key"}
2026-03-28 19:00:45,259 INFO gps.mqtt_service: [enregistre] gps/devices/ESP32_SIM_001/location device=ESP32_SIM_001 status=201
2026-03-28 19:00:47,211 INFO gps.mqtt_service: [recu] gps/devices/ESP32_SIM_001/location {"device_id": "ESP32_SIM_001", "lat": -3.381456, "lng": 29.365361, "alt": 775.8, "speed": 42.6, "satellites": 13, "battery": 82.6, "timestamp": 1774717246953, "gps_fix": true, "api_key": "my_secret_gps_api_key"}
2026-03-28 19:00:47,231 INFO gps.mqtt_service: [enregistre] gps/devices/ESP32_SIM_001/location device=ESP32_SIM_001 status=201
2026-03-28 19:00:49,223 INFO gps.mqtt_service: [recu] gps/devices/ESP32_SIM_001/location {"device_id": "ESP32_SIM_001", "lat": -3.381437, "lng": 29.365372, "alt": 781.0, "speed": 38.5, "satellites": 12, "battery": 82.5, "timestamp": 1774717248955, "gps_fix": true, "api_key": "my_secret_gps_api_key"}
2026-03-28 19:00:49,256 INFO gps.mqtt_service: [enregistre] gps/devices/ESP32_SIM_001/location device=ESP32_SIM_001 status=201
2026-03-28 19:00:51,224 INFO gps.mqtt_service: [recu] gps/devices/ESP32_SIM_001/location {"device_id": "ESP32_SIM_001", "lat": -3.381346, "lng": 29.365229, "alt": 773.6, "speed": 38.0, "satellites": 12, "battery": 82.4, "timestamp": 1774717250959, "gps_fix": true, "api_key": "my_secret_gps_api_key"}
2026-03-28 19:00:51,240 INFO gps.mqtt_service: [enregistre] gps/devices/ESP32_SIM_001/location device=ESP32_SIM_001 status=201
2026-03-28 19:00:53,231 INFO gps.mqtt_service: [recu] gps/devices/ESP32_SIM_001/location {"device_id": "ESP32_SIM_001", "lat": -3.381251, "lng": 29.365147, "alt": 780.0, "speed": 46.0, "satellites": 9, "battery": 82.4, "timestamp": 1774717252960, "gps_fix": true, "api_key": "my_secret_gps_api_key"}
2026-03-28 19:00:53,246 INFO gps.mqtt_service: [enregistre] gps/devices/ESP32_SIM_001/location device=ESP32_SIM_001 status=201
2026-03-28 19:00:55,225 INFO gps.mqtt_service: [recu] gps/devices/ESP32_SIM_001/location {"device_id": "ESP32_SIM_001", "lat": -3.38108, "lng": 29.364976, "alt": 782.9, "speed": 33.8, "satellites": 9, "battery": 82.3, "timestamp": 1774717254962, "gps_fix": true, "api_key": "my_secret_gps_api_key"}
2026-03-28 19:00:55,241 INFO gps.mqtt_service: [enregistre] gps/devices/ESP32_SIM_001/location device=ESP32_SIM_001 status=201
2026-03-28 19:00:57,228 INFO gps.mqtt_service: [recu] gps/devices/ESP32_SIM_001/location {"device_id": "ESP32_SIM_001", "lat": -3.381119, "lng": 29.3648, "alt": 781.4, "speed": 43.1, "satellites": 13, "battery": 82.2, "timestamp": 1774717256964, "gps_fix": true, "api_key": "my_secret_gps_api_key"}
2026-03-28 19:00:57,248 INFO gps.mqtt_service: [enregistre] gps/devices/ESP32_SIM_001/location device=ESP32_SIM_001 status=201
2026-03-28 19:00:59,210 INFO gps.mqtt_service: [recu] gps/devices/ESP32_SIM_001/location {"device_id": "ESP32_SIM_001", "lat": -3.381031, "lng": 29.364698, "alt": 786.9, "speed": 33.9, "satellites": 11, "battery": 82.1, "timestamp": 1774717258966, "gps_fix": true, "api_key": "my_secret_gps_api_key"}
2026-03-28 19:00:59,234 INFO gps.mqtt_service: [enregistre] gps/devices/ESP32_SIM_001/location device=ESP32_SIM_001 status=201
2026-03-28 19:01:01,229 INFO gps.mqtt_service: [recu] gps/devices/ESP32_SIM_001/location {"device_id": "ESP32_SIM_001", "lat": -3.380955, "lng": 29.364475, "alt": 779.3, "speed": 41.0, "satellites": 10, "battery": 82.0, "timestamp": 1774717260968, "gps_fix": true, "api_key": "my_secret_gps_api_key"}
2026-03-28 19:01:01,254 INFO gps.mqtt_service: [enregistre] gps/devices/ESP32_SIM_001/location device=ESP32_SIM_001 status=201
2026-03-28 19:01:03,222 INFO gps.mqtt_service: [recu] gps/devices/ESP32_SIM_001/location {"device_id": "ESP32_SIM_001", "lat": -3.381013, "lng": 29.36436, "alt": 773.4, "speed": 44.7, "satellites": 11, "battery": 82.0, "timestamp": 1774717262970, "gps_fix": true, "api_key": "my_secret_gps_api_key"}
2026-03-28 19:01:03,237 INFO gps.mqtt_service: [enregistre] gps/devices/ESP32_SIM_001/location device=ESP32_SIM_001 status=201
2026-03-28 19:01:05,219 INFO gps.mqtt_service: [recu] gps/devices/ESP32_SIM_001/location {"device_id": "ESP32_SIM_001", "lat": -3.380981, "lng": 29.364258, "alt": 781.1, "speed": 31.6, "satellites": 12, "battery": 81.9, "timestamp": 1774717264971, "gps_fix": true, "api_key": "my_secret_gps_api_key"}
2026-03-28 19:01:05,233 INFO gps.mqtt_service: [enregistre] gps/devices/ESP32_SIM_001/location device=ESP32_SIM_001 status=201
2026-03-28 19:01:07,221 INFO gps.mqtt_service: [recu] gps/devices/ESP32_SIM_001/location {"device_id": "ESP32_SIM_001", "lat": -3.381118, "lng": 29.36412, "alt": 776.4, "speed": 43.0, "satellites": 11, "battery": 81.8, "timestamp": 1774717266973, "gps_fix": true, "api_key": "my_secret_gps_api_key"}
2026-03-28 19:01:07,238 INFO gps.mqtt_service: [enregistre] gps/devices/ESP32_SIM_001/location device=ESP32_SIM_001 status=201
2026-03-28 19:01:09,223 INFO gps.mqtt_service: [recu] gps/devices/ESP32_SIM_001/location {"device_id": "ESP32_SIM_001", "lat": -3.381014, "lng": 29.363963, "alt": 787.3, "speed": 32.7, "satellites": 9, "battery": 81.7, "timestamp": 1774717268975, "gps_fix": true, "api_key": "my_secret_gps_api_key"}
2026-03-28 19:01:09,256 INFO gps.mqtt_service: [enregistre] gps/devices/ESP32_SIM_001/location device=ESP32_SIM_001 status=201
2026-03-28 19:01:11,250 INFO gps.mqtt_service: [recu] gps/devices/ESP32_SIM_001/location {"device_id": "ESP32_SIM_001", "lat": -3.381163, "lng": 29.36377, "alt": 775.4, "speed": 45.3, "satellites": 12, "battery": 81.6, "timestamp": 1774717270982, "gps_fix": true, "api_key": "my_secret_gps_api_key"}
2026-03-28 19:01:11,269 INFO gps.mqtt_service: [enregistre] gps/devices/ESP32_SIM_001/location device=ESP32_SIM_001 status=201
2026-03-28 19:01:13,248 INFO gps.mqtt_service: [recu] gps/devices/ESP32_SIM_001/location {"device_id": "ESP32_SIM_001", "lat": -3.381172, "lng": 29.363639, "alt": 774.0, "speed": 43.5, "satellites": 11, "battery": 81.6, "timestamp": 1774717272986, "gps_fix": true, "api_key": "my_secret_gps_api_key"}
2026-03-28 19:01:13,316 INFO gps.mqtt_service: [enregistre] gps/devices/ESP32_SIM_001/location device=ESP32_SIM_001 status=201
2026-03-28 19:01:15,241 INFO gps.mqtt_service: [recu] gps/devices/ESP32_SIM_001/location {"device_id": "ESP32_SIM_001", "lat": -3.381265, "lng": 29.363538, "alt": 779.6, "speed": 35.4, "satellites": 13, "battery": 81.5, "timestamp": 1774717274991, "gps_fix": true, "api_key": "my_secret_gps_api_key"}
2026-03-28 19:01:15,258 INFO gps.mqtt_service: [enregistre] gps/devices/ESP32_SIM_001/location device=ESP32_SIM_001 status=201
2026-03-28 19:01:17,267 INFO gps.mqtt_service: [recu] gps/devices/ESP32_SIM_001/location {"device_id": "ESP32_SIM_001", "lat": -3.381491, "lng": 29.363542, "alt": 782.2, "speed": 46.0, "satellites": 11, "battery": 81.4, "timestamp": 1774717277000, "gps_fix": true, "api_key": "my_secret_gps_api_key"}
2026-03-28 19:01:17,304 INFO gps.mqtt_service: [enregistre] gps/devices/ESP32_SIM_001/location device=ESP32_SIM_001 status=201
2026-03-28 19:01:19,257 INFO gps.mqtt_service: [recu] gps/devices/ESP32_SIM_001/location {"device_id": "ESP32_SIM_001", "lat": -3.381496, "lng": 29.36333, "alt": 775.6, "speed": 33.0, "satellites": 10, "battery": 81.3, "timestamp": 1774717279002, "gps_fix": true, "api_key": "my_secret_gps_api_key"}
2026-03-28 19:01:19,274 INFO gps.mqtt_service: [enregistre] gps/devices/ESP32_SIM_001/location device=ESP32_SIM_001 status=201
2026-03-28 19:01:21,233 INFO gps.mqtt_service: [recu] gps/devices/ESP32_SIM_001/location {"device_id": "ESP32_SIM_001", "lat": -3.381736, "lng": 29.363292, "alt": 785.6, "speed": 47.0, "satellites": 12, "battery": 81.2, "timestamp": 1774717281003, "gps_fix": true, "api_key": "my_secret_gps_api_key"}
2026-03-28 19:01:21,248 INFO gps.mqtt_service: [enregistre] gps/devices/ESP32_SIM_001/location device=ESP32_SIM_001 status=201
2026-03-28 19:01:23,263 INFO gps.mqtt_service: [recu] gps/devices/ESP32_SIM_001/location {"device_id": "ESP32_SIM_001", "lat": -3.381854, "lng": 29.363229, "alt": 777.8, "speed": 32.6, "satellites": 10, "battery": 81.2, "timestamp": 1774717283006, "gps_fix": true, "api_key": "my_secret_gps_api_key"}
2026-03-28 19:01:23,285 INFO gps.mqtt_service: [enregistre] gps/devices/ESP32_SIM_001/location device=ESP32_SIM_001 status=201
2026-03-28 19:01:25,263 INFO gps.mqtt_service: [recu] gps/devices/ESP32_SIM_001/location {"device_id": "ESP32_SIM_001", "lat": -3.381969, "lng": 29.363292, "alt": 780.8, "speed": 42.3, "satellites": 10, "battery": 81.1, "timestamp": 1774717285007, "gps_fix": true, "api_key": "my_secret_gps_api_key"}
2026-03-28 19:01:25,286 INFO gps.mqtt_service: [enregistre] gps/devices/ESP32_SIM_001/location device=ESP32_SIM_001 status=201
2026-03-28 19:01:27,274 INFO gps.mqtt_service: [recu] gps/devices/ESP32_SIM_001/location {"device_id": "ESP32_SIM_001", "lat": -3.382127, "lng": 29.363267, "alt": 772.6, "speed": 43.2, "satellites": 9, "battery": 81.0, "timestamp": 1774717287008, "gps_fix": true, "api_key": "my_secret_gps_api_key"}
2026-03-28 19:01:27,300 INFO gps.mqtt_service: [enregistre] gps/devices/ESP32_SIM_001/location device=ESP32_SIM_001 status=201
2026-03-28 19:01:29,268 INFO gps.mqtt_service: [recu] gps/devices/ESP32_SIM_001/location {"device_id": "ESP32_SIM_001", "lat": -3.382341, "lng": 29.363195, "alt": 775.8, "speed": 32.7, "satellites": 9, "battery": 80.9, "timestamp": 1774717289011, "gps_fix": true, "api_key": "my_secret_gps_api_key"}
2026-03-28 19:01:29,328 INFO gps.mqtt_service: [enregistre] gps/devices/ESP32_SIM_001/location device=ESP32_SIM_001 status=201
2026-03-28 19:01:31,336 INFO gps.mqtt_service: [recu] gps/devices/ESP32_SIM_001/location {"device_id": "ESP32_SIM_001", "lat": -3.382434, "lng": 29.363188, "alt": 784.5, "speed": 33.4, "satellites": 11, "battery": 80.8, "timestamp": 1774717291013, "gps_fix": true, "api_key": "my_secret_gps_api_key"}
2026-03-28 19:01:31,355 INFO gps.mqtt_service: [enregistre] gps/devices/ESP32_SIM_001/location device=ESP32_SIM_001 status=201
2026-03-28 19:01:33,391 INFO gps.mqtt_service: [recu] gps/devices/ESP32_SIM_001/location {"device_id": "ESP32_SIM_001", "lat": -3.382634, "lng": 29.363289, "alt": 781.7, "speed": 32.3, "satellites": 12, "battery": 80.8, "timestamp": 1774717293016, "gps_fix": true, "api_key": "my_secret_gps_api_key"}
2026-03-28 19:01:33,407 INFO gps.mqtt_service: [enregistre] gps/devices/ESP32_SIM_001/location device=ESP32_SIM_001 status=201
2026-03-28 19:01:35,275 INFO gps.mqtt_service: [recu] gps/devices/ESP32_SIM_001/location {"device_id": "ESP32_SIM_001", "lat": -3.382798, "lng": 29.363299, "alt": 777.6, "speed": 40.6, "satellites": 12, "battery": 80.7, "timestamp": 1774717295017, "gps_fix": true, "api_key": "my_secret_gps_api_key"}
2026-03-28 19:01:35,289 INFO gps.mqtt_service: [enregistre] gps/devices/ESP32_SIM_001/location device=ESP32_SIM_001 status=201
2026-03-28 19:01:37,409 INFO gps.mqtt_service: [recu] gps/devices/ESP32_SIM_001/location {"device_id": "ESP32_SIM_001", "lat": -3.382796, "lng": 29.36342, "alt": 784.2, "speed": 35.3, "satellites": 11, "battery": 80.6, "timestamp": 1774717297019, "gps_fix": true, "api_key": "my_secret_gps_api_key"}
2026-03-28 19:01:37,427 INFO gps.mqtt_service: [enregistre] gps/devices/ESP32_SIM_001/location device=ESP32_SIM_001 status=201
2026-03-28 19:01:39,285 INFO gps.mqtt_service: [recu] gps/devices/ESP32_SIM_001/location {"device_id": "ESP32_SIM_001", "lat": -3.382904, "lng": 29.363461, "alt": 775.8, "speed": 32.7, "satellites": 10, "battery": 80.5, "timestamp": 1774717299020, "gps_fix": true, "api_key": "my_secret_gps_api_key"}
2026-03-28 19:01:39,302 INFO gps.mqtt_service: [enregistre] gps/devices/ESP32_SIM_001/location device=ESP32_SIM_001 status=201
2026-03-28 19:01:41,281 INFO gps.mqtt_service: [recu] gps/devices/ESP32_SIM_001/location {"device_id": "ESP32_SIM_001", "lat": -3.38313, "lng": 29.363614, "alt": 776.8, "speed": 36.5, "satellites": 10, "battery": 80.4, "timestamp": 1774717301021, "gps_fix": true, "api_key": "my_secret_gps_api_key"}
2026-03-28 19:01:41,299 INFO gps.mqtt_service: [enregistre] gps/devices/ESP32_SIM_001/location device=ESP32_SIM_001 status=201
2026-03-28 19:01:43,293 INFO gps.mqtt_service: [recu] gps/devices/ESP32_SIM_001/location {"device_id": "ESP32_SIM_001", "lat": -3.383137, "lng": 29.363773, "alt": 783.6, "speed": 45.2, "satellites": 12, "battery": 80.4, "timestamp": 1774717303023, "gps_fix": true, "api_key": "my_secret_gps_api_key"}
2026-03-28 19:01:43,318 INFO gps.mqtt_service: [enregistre] gps/devices/ESP32_SIM_001/location device=ESP32_SIM_001 status=201
2026-03-28 19:01:45,283 INFO gps.mqtt_service: [recu] gps/devices/ESP32_SIM_001/location {"device_id": "ESP32_SIM_001", "lat": -3.383327, "lng": 29.363843, "alt": 778.2, "speed": 39.8, "satellites": 10, "battery": 80.3, "timestamp": 1774717305024, "gps_fix": true, "api_key": "my_secret_gps_api_key"}
2026-03-28 19:01:45,296 INFO gps.mqtt_service: [enregistre] gps/devices/ESP32_SIM_001/location device=ESP32_SIM_001 status=201
2026-03-28 19:01:47,288 INFO gps.mqtt_service: [recu] gps/devices/ESP32_SIM_001/location {"device_id": "ESP32_SIM_001", "lat": -3.383384, "lng": 29.363937, "alt": 782.7, "speed": 31.1, "satellites": 13, "battery": 80.2, "timestamp": 1774717307026, "gps_fix": true, "api_key": "my_secret_gps_api_key"}
2026-03-28 19:01:47,306 INFO gps.mqtt_service: [enregistre] gps/devices/ESP32_SIM_001/location device=ESP32_SIM_001 status=201
2026-03-28 19:01:49,287 INFO gps.mqtt_service: [recu] gps/devices/ESP32_SIM_001/location {"device_id": "ESP32_SIM_001", "lat": -3.383411, "lng": 29.364058, "alt": 784.6, "speed": 36.1, "satellites": 11, "battery": 80.1, "timestamp": 1774717309028, "gps_fix": true, "api_key": "my_secret_gps_api_key"}
2026-03-28 19:01:49,301 INFO gps.mqtt_service: [enregistre] gps/devices/ESP32_SIM_001/location device=ESP32_SIM_001 status=201
2026-03-28 19:01:51,276 INFO gps.mqtt_service: [recu] gps/devices/ESP32_SIM_001/location {"device_id": "ESP32_SIM_001", "lat": -3.383445, "lng": 29.364262, "alt": 778.8, "speed": 43.5, "satellites": 9, "battery": 80.0, "timestamp": 1774717311030, "gps_fix": true, "api_key": "my_secret_gps_api_key"}
2026-03-28 19:01:51,300 INFO gps.mqtt_service: [enregistre] gps/devices/ESP32_SIM_001/location device=ESP32_SIM_001 status=201
2026-03-28 19:01:53,289 INFO gps.mqtt_service: [recu] gps/devices/ESP32_SIM_001/location {"device_id": "ESP32_SIM_001", "lat": -3.383325, "lng": 29.364443, "alt": 776.7, "speed": 39.2, "satellites": 10, "battery": 80.0, "timestamp": 1774717313035, "gps_fix": true, "api_key": "my_secret_gps_api_key"}
2026-03-28 19:01:53,303 INFO gps.mqtt_service: [enregistre] gps/devices/ESP32_SIM_001/location device=ESP32_SIM_001 status=201
2026-03-28 19:01:55,306 INFO gps.mqtt_service: [recu] gps/devices/ESP32_SIM_001/location {"device_id": "ESP32_SIM_001", "lat": -3.383466, "lng": 29.364511, "alt": 777.6, "speed": 44.7, "satellites": 11, "battery": 79.9, "timestamp": 1774717315039, "gps_fix": true, "api_key": "my_secret_gps_api_key"}
2026-03-28 19:01:55,324 INFO gps.mqtt_service: [enregistre] gps/devices/ESP32_SIM_001/location device=ESP32_SIM_001 status=201
2026-03-28 19:01:57,310 INFO gps.mqtt_service: [recu] gps/devices/ESP32_SIM_001/location {"device_id": "ESP32_SIM_001", "lat": -3.383327, "lng": 29.364689, "alt": 786.0, "speed": 45.5, "satellites": 9, "battery": 79.8, "timestamp": 1774717317052, "gps_fix": true, "api_key": "my_secret_gps_api_key"}
2026-03-28 19:01:57,333 INFO gps.mqtt_service: [enregistre] gps/devices/ESP32_SIM_001/location device=ESP32_SIM_001 status=201
2026-03-28 19:01:59,299 INFO gps.mqtt_service: [recu] gps/devices/ESP32_SIM_001/location {"device_id": "ESP32_SIM_001", "lat": -3.383262, "lng": 29.364838, "alt": 776.4, "speed": 33.7, "satellites": 11, "battery": 79.7, "timestamp": 1774717319053, "gps_fix": true, "api_key": "my_secret_gps_api_key"}
2026-03-28 19:01:59,322 INFO gps.mqtt_service: [enregistre] gps/devices/ESP32_SIM_001/location device=ESP32_SIM_001 status=201
2026-03-28 19:02:01,300 INFO gps.mqtt_service: [recu] gps/devices/ESP32_SIM_001/location {"device_id": "ESP32_SIM_001", "lat": -3.38319, "lng": 29.365007, "alt": 783.5, "speed": 35.3, "satellites": 13, "battery": 79.6, "timestamp": 1774717321054, "gps_fix": true, "api_key": "my_secret_gps_api_key"}
2026-03-28 19:02:01,313 INFO gps.mqtt_service: [enregistre] gps/devices/ESP32_SIM_001/location device=ESP32_SIM_001 status=201
2026-03-28 19:02:03,344 INFO gps.mqtt_service: [recu] gps/devices/ESP32_SIM_001/location {"device_id": "ESP32_SIM_001", "lat": -3.383122, "lng": 29.3651, "alt": 772.1, "speed": 33.5, "satellites": 13, "battery": 79.6, "timestamp": 1774717323055, "gps_fix": true, "api_key": "my_secret_gps_api_key"}
2026-03-28 19:02:03,362 INFO gps.mqtt_service: [enregistre] gps/devices/ESP32_SIM_001/location device=ESP32_SIM_001 status=201
2026-03-28 19:02:05,310 INFO gps.mqtt_service: [recu] gps/devices/ESP32_SIM_001/location {"device_id": "ESP32_SIM_001", "lat": -3.383105, "lng": 29.365176, "alt": 785.3, "speed": 37.8, "satellites": 11, "battery": 79.5, "timestamp": 1774717325056, "gps_fix": true, "api_key": "my_secret_gps_api_key"}
2026-03-28 19:02:05,326 INFO gps.mqtt_service: [enregistre] gps/devices/ESP32_SIM_001/location device=ESP32_SIM_001 status=201
2026-03-28 19:02:07,322 INFO gps.mqtt_service: [recu] gps/devices/ESP32_SIM_001/location {"device_id": "ESP32_SIM_001", "lat": -3.382975, "lng": 29.36536, "alt": 779.4, "speed": 31.8, "satellites": 10, "battery": 79.4, "timestamp": 1774717327058, "gps_fix": true, "api_key": "my_secret_gps_api_key"}
2026-03-28 19:02:07,342 INFO gps.mqtt_service: [enregistre] gps/devices/ESP32_SIM_001/location device=ESP32_SIM_001 status=201
2026-03-28 19:02:09,319 INFO gps.mqtt_service: [recu] gps/devices/ESP32_SIM_001/location {"device_id": "ESP32_SIM_001", "lat": -3.382767, "lng": 29.36542, "alt": 777.8, "speed": 35.6, "satellites": 13, "battery": 79.3, "timestamp": 1774717329060, "gps_fix": true, "api_key": "my_secret_gps_api_key"}
2026-03-28 19:02:09,335 INFO gps.mqtt_service: [enregistre] gps/devices/ESP32_SIM_001/location device=ESP32_SIM_001 status=201
2026-03-28 19:02:11,318 INFO gps.mqtt_service: [recu] gps/devices/ESP32_SIM_001/location {"device_id": "ESP32_SIM_001", "lat": -3.382722, "lng": 29.365548, "alt": 785.5, "speed": 33.7, "satellites": 11, "battery": 79.2, "timestamp": 1774717331067, "gps_fix": true, "api_key": "my_secret_gps_api_key"}
2026-03-28 19:02:11,335 INFO gps.mqtt_service: [enregistre] gps/devices/ESP32_SIM_001/location device=ESP32_SIM_001 status=201
2026-03-28 19:02:13,321 INFO gps.mqtt_service: [recu] gps/devices/ESP32_SIM_001/location {"device_id": "ESP32_SIM_001", "lat": -3.382528, "lng": 29.36552, "alt": 781.5, "speed": 41.8, "satellites": 12, "battery": 79.2, "timestamp": 1774717333070, "gps_fix": true, "api_key": "my_secret_gps_api_key"}
2026-03-28 19:02:13,337 INFO gps.mqtt_service: [enregistre] gps/devices/ESP32_SIM_001/location device=ESP32_SIM_001 status=201
2026-03-28 19:02:15,325 INFO gps.mqtt_service: [recu] gps/devices/ESP32_SIM_001/location {"device_id": "ESP32_SIM_001", "lat": -3.382407, "lng": 29.365568, "alt": 775.8, "speed": 35.4, "satellites": 13, "battery": 79.1, "timestamp": 1774717335072, "gps_fix": true, "api_key": "my_secret_gps_api_key"}
2026-03-28 19:02:15,339 INFO gps.mqtt_service: [enregistre] gps/devices/ESP32_SIM_001/location device=ESP32_SIM_001 status=201
2026-03-28 19:02:17,311 INFO gps.mqtt_service: [recu] gps/devices/ESP32_SIM_001/location {"device_id": "ESP32_SIM_001", "lat": -3.38225, "lng": 29.365663, "alt": 785.7, "speed": 32.4, "satellites": 9, "battery": 79.0, "timestamp": 1774717337073, "gps_fix": true, "api_key": "my_secret_gps_api_key"}
2026-03-28 19:02:17,326 INFO gps.mqtt_service: [enregistre] gps/devices/ESP32_SIM_001/location device=ESP32_SIM_001 status=201
2026-03-28 19:02:19,327 INFO gps.mqtt_service: [recu] gps/devices/ESP32_SIM_001/location {"device_id": "ESP32_SIM_001", "lat": -3.382182, "lng": 29.365652, "alt": 772.5, "speed": 43.2, "satellites": 12, "battery": 78.9, "timestamp": 1774717339075, "gps_fix": true, "api_key": "my_secret_gps_api_key"}
2026-03-28 19:02:19,341 INFO gps.mqtt_service: [enregistre] gps/devices/ESP32_SIM_001/location device=ESP32_SIM_001 status=201
2026-03-28 19:02:21,346 INFO gps.mqtt_service: [recu] gps/devices/ESP32_SIM_001/location {"device_id": "ESP32_SIM_001", "lat": -3.382048, "lng": 29.365645, "alt": 776.3, "speed": 37.6, "satellites": 12, "battery": 78.8, "timestamp": 1774717341076, "gps_fix": true, "api_key": "my_secret_gps_api_key"}
2026-03-28 19:02:21,362 INFO gps.mqtt_service: [enregistre] gps/devices/ESP32_SIM_001/location device=ESP32_SIM_001 status=201
2026-03-28 19:02:23,361 INFO gps.mqtt_service: [recu] gps/devices/ESP32_SIM_001/location {"device_id": "ESP32_SIM_001", "lat": -3.38191, "lng": 29.365528, "alt": 780.7, "speed": 32.3, "satellites": 13, "battery": 78.8, "timestamp": 1774717343078, "gps_fix": true, "api_key": "my_secret_gps_api_key"}
2026-03-28 19:02:23,455 INFO gps.mqtt_service: [enregistre] gps/devices/ESP32_SIM_001/location device=ESP32_SIM_001 status=201
2026-03-28 19:02:25,338 INFO gps.mqtt_service: [recu] gps/devices/ESP32_SIM_001/location {"device_id": "ESP32_SIM_001", "lat": -3.381749, "lng": 29.365411, "alt": 777.9, "speed": 46.5, "satellites": 11, "battery": 78.7, "timestamp": 1774717345080, "gps_fix": true, "api_key": "my_secret_gps_api_key"}
2026-03-28 19:02:25,360 INFO gps.mqtt_service: [enregistre] gps/devices/ESP32_SIM_001/location device=ESP32_SIM_001 status=201
2026-03-28 19:02:27,344 INFO gps.mqtt_service: [recu] gps/devices/ESP32_SIM_001/location {"device_id": "ESP32_SIM_001", "lat": -3.381554, "lng": 29.365415, "alt": 778.8, "speed": 36.4, "satellites": 11, "battery": 78.6, "timestamp": 1774717347082, "gps_fix": true, "api_key": "my_secret_gps_api_key"}
2026-03-28 19:02:27,367 INFO gps.mqtt_service: [enregistre] gps/devices/ESP32_SIM_001/location device=ESP32_SIM_001 status=201
2026-03-28 19:02:29,393 INFO gps.mqtt_service: [recu] gps/devices/ESP32_SIM_001/location {"device_id": "ESP32_SIM_001", "lat": -3.381513, "lng": 29.365364, "alt": 774.3, "speed": 35.5, "satellites": 11, "battery": 78.5, "timestamp": 1774717349129, "gps_fix": true, "api_key": "my_secret_gps_api_key"}
2026-03-28 19:02:29,415 INFO gps.mqtt_service: [enregistre] gps/devices/ESP32_SIM_001/location device=ESP32_SIM_001 status=201
2026-03-28 19:02:31,434 INFO gps.mqtt_service: [recu] gps/devices/ESP32_SIM_001/location {"device_id": "ESP32_SIM_001", "lat": -3.381285, "lng": 29.365229, "alt": 783.3, "speed": 45.2, "satellites": 9, "battery": 78.4, "timestamp": 1774717351166, "gps_fix": true, "api_key": "my_secret_gps_api_key"}
2026-03-28 19:02:31,455 INFO gps.mqtt_service: [enregistre] gps/devices/ESP32_SIM_001/location device=ESP32_SIM_001 status=201
2026-03-28 19:02:33,429 INFO gps.mqtt_service: [recu] gps/devices/ESP32_SIM_001/location {"device_id": "ESP32_SIM_001", "lat": -3.381254, "lng": 29.365058, "alt": 781.0, "speed": 32.5, "satellites": 10, "battery": 78.4, "timestamp": 1774717353172, "gps_fix": true, "api_key": "my_secret_gps_api_key"}
2026-03-28 19:02:33,441 INFO gps.mqtt_service: [enregistre] gps/devices/ESP32_SIM_001/location device=ESP32_SIM_001 status=201
2026-03-28 19:02:35,419 INFO gps.mqtt_service: [recu] gps/devices/ESP32_SIM_001/location {"device_id": "ESP32_SIM_001", "lat": -3.381091, "lng": 29.365061, "alt": 788.0, "speed": 41.6, "satellites": 12, "battery": 78.3, "timestamp": 1774717355173, "gps_fix": true, "api_key": "my_secret_gps_api_key"}
2026-03-28 19:02:35,430 INFO gps.mqtt_service: [enregistre] gps/devices/ESP32_SIM_001/location device=ESP32_SIM_001 status=201
2026-03-28 19:02:37,438 INFO gps.mqtt_service: [recu] gps/devices/ESP32_SIM_001/location {"device_id": "ESP32_SIM_001", "lat": -3.381084, "lng": 29.36479, "alt": 781.0, "speed": 44.9, "satellites": 12, "battery": 78.2, "timestamp": 1774717357175, "gps_fix": true, "api_key": "my_secret_gps_api_key"}
2026-03-28 19:02:37,452 INFO gps.mqtt_service: [enregistre] gps/devices/ESP32_SIM_001/location device=ESP32_SIM_001 status=201
2026-03-28 19:02:39,439 INFO gps.mqtt_service: [recu] gps/devices/ESP32_SIM_001/location {"device_id": "ESP32_SIM_001", "lat": -3.381083, "lng": 29.364761, "alt": 784.7, "speed": 46.0, "satellites": 9, "battery": 78.1, "timestamp": 1774717359176, "gps_fix": true, "api_key": "my_secret_gps_api_key"}
2026-03-28 19:02:39,451 INFO gps.mqtt_service: [enregistre] gps/devices/ESP32_SIM_001/location device=ESP32_SIM_001 status=201
2026-03-28 19:02:41,462 INFO gps.mqtt_service: [recu] gps/devices/ESP32_SIM_001/location {"device_id": "ESP32_SIM_001", "lat": -3.380943, "lng": 29.364639, "alt": 777.0, "speed": 40.0, "satellites": 13, "battery": 78.0, "timestamp": 1774717361178, "gps_fix": true, "api_key": "my_secret_gps_api_key"}
2026-03-28 19:02:41,471 INFO gps.mqtt_service: [enregistre] gps/devices/ESP32_SIM_001/location device=ESP32_SIM_001 status=201
2026-03-28 19:02:43,461 INFO gps.mqtt_service: [recu] gps/devices/ESP32_SIM_001/location {"device_id": "ESP32_SIM_001", "lat": -3.381044, "lng": 29.364467, "alt": 787.5, "speed": 46.0, "satellites": 11, "battery": 78.0, "timestamp": 1774717363196, "gps_fix": true, "api_key": "my_secret_gps_api_key"}
2026-03-28 19:02:43,470 INFO gps.mqtt_service: [enregistre] gps/devices/ESP32_SIM_001/location device=ESP32_SIM_001 status=201
2026-03-28 19:02:45,475 INFO gps.mqtt_service: [recu] gps/devices/ESP32_SIM_001/location {"device_id": "ESP32_SIM_001", "lat": -3.381063, "lng": 29.364325, "alt": 780.0, "speed": 43.9, "satellites": 11, "battery": 77.9, "timestamp": 1774717365198, "gps_fix": true, "api_key": "my_secret_gps_api_key"}
2026-03-28 19:02:45,486 INFO gps.mqtt_service: [enregistre] gps/devices/ESP32_SIM_001/location device=ESP32_SIM_001 status=201
2026-03-28 19:02:47,460 INFO gps.mqtt_service: [recu] gps/devices/ESP32_SIM_001/location {"device_id": "ESP32_SIM_001", "lat": -3.381053, "lng": 29.364191, "alt": 773.7, "speed": 33.2, "satellites": 11, "battery": 77.8, "timestamp": 1774717367199, "gps_fix": true, "api_key": "my_secret_gps_api_key"}
2026-03-28 19:02:47,473 INFO gps.mqtt_service: [enregistre] gps/devices/ESP32_SIM_001/location device=ESP32_SIM_001 status=201
